{"/home/jjwmezun/Documents/Websites/mezunian/src/db.js": {"path":"/home/jjwmezun/Documents/Websites/mezunian/src/db.js","all":false,"statementMap":{"0":{"start":{"line":1,"column":0},"end":{"line":1,"column":35}},"1":{"start":{"line":2,"column":0},"end":{"line":2,"column":0}},"2":{"start":{"line":3,"column":0},"end":{"line":3,"column":11}},"3":{"start":{"line":4,"column":0},"end":{"line":4,"column":0}},"4":{"start":{"line":5,"column":0},"end":{"line":5,"column":18}},"5":{"start":{"line":6,"column":0},"end":{"line":6,"column":20}},"6":{"start":{"line":7,"column":0},"end":{"line":7,"column":29}},"7":{"start":{"line":8,"column":0},"end":{"line":8,"column":37}},"8":{"start":{"line":9,"column":0},"end":{"line":9,"column":37}},"9":{"start":{"line":10,"column":0},"end":{"line":10,"column":45}},"10":{"start":{"line":11,"column":0},"end":{"line":11,"column":44}},"11":{"start":{"line":12,"column":0},"end":{"line":12,"column":11}},"12":{"start":{"line":13,"column":0},"end":{"line":13,"column":25}},"13":{"start":{"line":14,"column":0},"end":{"line":14,"column":6}},"14":{"start":{"line":15,"column":0},"end":{"line":15,"column":18}},"15":{"start":{"line":16,"column":0},"end":{"line":16,"column":21}},"16":{"start":{"line":17,"column":0},"end":{"line":17,"column":6}},"17":{"start":{"line":18,"column":0},"end":{"line":18,"column":59}},"18":{"start":{"line":19,"column":0},"end":{"line":19,"column":56}},"19":{"start":{"line":20,"column":0},"end":{"line":20,"column":24}},"20":{"start":{"line":21,"column":0},"end":{"line":21,"column":30}},"21":{"start":{"line":22,"column":0},"end":{"line":22,"column":13}},"22":{"start":{"line":23,"column":0},"end":{"line":23,"column":18}},"23":{"start":{"line":24,"column":0},"end":{"line":24,"column":31}},"24":{"start":{"line":25,"column":0},"end":{"line":25,"column":13}},"25":{"start":{"line":26,"column":0},"end":{"line":26,"column":11}},"26":{"start":{"line":27,"column":0},"end":{"line":27,"column":7}},"27":{"start":{"line":28,"column":0},"end":{"line":28,"column":65}},"28":{"start":{"line":29,"column":0},"end":{"line":29,"column":124}},"29":{"start":{"line":30,"column":0},"end":{"line":30,"column":24}},"30":{"start":{"line":31,"column":0},"end":{"line":31,"column":30}},"31":{"start":{"line":32,"column":0},"end":{"line":32,"column":13}},"32":{"start":{"line":33,"column":0},"end":{"line":33,"column":18}},"33":{"start":{"line":34,"column":0},"end":{"line":34,"column":31}},"34":{"start":{"line":35,"column":0},"end":{"line":35,"column":13}},"35":{"start":{"line":36,"column":0},"end":{"line":36,"column":11}},"36":{"start":{"line":37,"column":0},"end":{"line":37,"column":7}},"37":{"start":{"line":38,"column":0},"end":{"line":38,"column":57}},"38":{"start":{"line":39,"column":0},"end":{"line":39,"column":61}},"39":{"start":{"line":40,"column":0},"end":{"line":40,"column":24}},"40":{"start":{"line":41,"column":0},"end":{"line":41,"column":30}},"41":{"start":{"line":42,"column":0},"end":{"line":42,"column":13}},"42":{"start":{"line":43,"column":0},"end":{"line":43,"column":18}},"43":{"start":{"line":44,"column":0},"end":{"line":44,"column":36}},"44":{"start":{"line":45,"column":0},"end":{"line":45,"column":13}},"45":{"start":{"line":46,"column":0},"end":{"line":46,"column":11}},"46":{"start":{"line":47,"column":0},"end":{"line":47,"column":7}},"47":{"start":{"line":48,"column":0},"end":{"line":48,"column":21}},"48":{"start":{"line":49,"column":0},"end":{"line":49,"column":2}}},"s":{"0":1,"1":1,"2":1,"3":1,"4":1,"5":1,"6":1,"7":1,"8":1,"9":1,"10":1,"11":1,"12":1,"13":1,"14":1,"15":1,"16":1,"17":1,"18":0,"19":0,"20":0,"21":0,"22":0,"23":0,"24":0,"25":0,"26":0,"27":1,"28":1,"29":1,"30":1,"31":1,"32":0,"33":0,"34":0,"35":1,"36":1,"37":1,"38":0,"39":0,"40":0,"41":0,"42":0,"43":0,"44":0,"45":0,"46":0,"47":1,"48":1},"branchMap":{"0":{"type":"branch","line":6,"loc":{"start":{"line":6,"column":13},"end":{"line":14,"column":6}},"locations":[{"start":{"line":6,"column":13},"end":{"line":14,"column":6}}]},"1":{"type":"branch","line":15,"loc":{"start":{"line":15,"column":11},"end":{"line":17,"column":6}},"locations":[{"start":{"line":15,"column":11},"end":{"line":17,"column":6}}]},"2":{"type":"branch","line":28,"loc":{"start":{"line":28,"column":18},"end":{"line":37,"column":7}},"locations":[{"start":{"line":28,"column":18},"end":{"line":37,"column":7}}]},"3":{"type":"branch","line":28,"loc":{"start":{"line":28,"column":41},"end":{"line":37,"column":7}},"locations":[{"start":{"line":28,"column":41},"end":{"line":37,"column":7}}]},"4":{"type":"branch","line":29,"loc":{"start":{"line":29,"column":107},"end":{"line":36,"column":11}},"locations":[{"start":{"line":29,"column":107},"end":{"line":36,"column":11}}]},"5":{"type":"branch","line":33,"loc":{"start":{"line":33,"column":-1},"end":{"line":35,"column":13}},"locations":[{"start":{"line":33,"column":-1},"end":{"line":35,"column":13}}]}},"b":{"0":[1],"1":[1],"2":[1],"3":[1],"4":[1],"5":[0]},"fnMap":{"0":{"name":"connect","decl":{"start":{"line":6,"column":13},"end":{"line":14,"column":6}},"loc":{"start":{"line":6,"column":13},"end":{"line":14,"column":6}},"line":6},"1":{"name":"close","decl":{"start":{"line":15,"column":11},"end":{"line":17,"column":6}},"loc":{"start":{"line":15,"column":11},"end":{"line":17,"column":6}},"line":15},"2":{"name":"clearPosts","decl":{"start":{"line":18,"column":16},"end":{"line":27,"column":7}},"loc":{"start":{"line":18,"column":16},"end":{"line":27,"column":7}},"line":18},"3":{"name":"createPost","decl":{"start":{"line":28,"column":18},"end":{"line":37,"column":7}},"loc":{"start":{"line":28,"column":18},"end":{"line":37,"column":7}},"line":28},"4":{"name":"getPosts","decl":{"start":{"line":38,"column":14},"end":{"line":47,"column":7}},"loc":{"start":{"line":38,"column":14},"end":{"line":47,"column":7}},"line":38},"5":{"name":"test","decl":{"start":{"line":48,"column":10},"end":{"line":48,"column":21}},"loc":{"start":{"line":48,"column":10},"end":{"line":48,"column":21}},"line":48}},"f":{"0":1,"1":1,"2":0,"3":1,"4":0,"5":0}}
}
