TN:
SF:src/db.js
FN:6,connect
FN:15,close
FN:18,clearPosts
FN:28,createPost
FN:38,getPosts
FN:48,test
FNF:6
FNH:3
FNDA:1,connect
FNDA:1,close
FNDA:0,clearPosts
FNDA:1,createPost
FNDA:0,getPosts
FNDA:0,test
DA:1,1
DA:2,1
DA:3,1
DA:4,1
DA:5,1
DA:6,1
DA:7,1
DA:8,1
DA:9,1
DA:10,1
DA:11,1
DA:12,1
DA:13,1
DA:14,1
DA:15,1
DA:16,1
DA:17,1
DA:18,1
DA:19,0
DA:20,0
DA:21,0
DA:22,0
DA:23,0
DA:24,0
DA:25,0
DA:26,0
DA:27,0
DA:28,1
DA:29,1
DA:30,1
DA:31,1
DA:32,1
DA:33,0
DA:34,0
DA:35,0
DA:36,1
DA:37,1
DA:38,1
DA:39,0
DA:40,0
DA:41,0
DA:42,0
DA:43,0
DA:44,0
DA:45,0
DA:46,0
DA:47,0
DA:48,1
DA:49,1
LF:49
LH:28
BRDA:6,0,0,1
BRDA:15,1,0,1
BRDA:28,2,0,1
BRDA:28,3,0,1
BRDA:29,4,0,1
BRDA:33,5,0,0
BRF:6
BRH:5
end_of_record
